<?xml version="1.0" encoding="utf-8"?>
<outputLog>
  <ApplicationId>c00481f0-827b-4cf3-a1a5-c22f6fceed14</ApplicationId>
  <FileLogs>
    <FileLog>
      <CorrelationId>Intent.VisualStudio.Projects.VisualStudio2015Solution#3f941b57-60ee-435b-b447-f8787966b1af</CorrelationId>
      <OverwriteBehaviour>always</OverwriteBehaviour>
      <ApplicationRelativeFilePath>../../backend/ShaCompanyName.ShaProjectName.sln</ApplicationRelativeFilePath>
      <IsIgnored>false</IsIgnored>
    </FileLog>
    <FileLog>
      <ProjectId>4e12de3a-1824-48ae-a202-825b26859f9c</ProjectId>
      <CorrelationId>Intent.VisualStudio.Projects.CoreLibrary.CSProject#4e12de3a-1824-48ae-a202-825b26859f9c</CorrelationId>
      <OverwriteBehaviour>always</OverwriteBehaviour>
      <ApplicationRelativeFilePath>../../backend/src/Module/ShaCompanyName.ShaProjectName.Application/ShaCompanyName.ShaProjectName.Application.csproj</ApplicationRelativeFilePath>
      <ProjectRelativeFilePath>ShaCompanyName.ShaProjectName.Application.csproj</ProjectRelativeFilePath>
      <IsIgnored>false</IsIgnored>
    </FileLog>
    <FileLog>
      <ProjectId>4e12de3a-1824-48ae-a202-825b26859f9c</ProjectId>
      <CorrelationId>Boxfusion.Modules.Application.Services.AppService#b2e5535c-846b-4538-b595-ddbe1eed089d</CorrelationId>
      <OverwriteBehaviour>always</OverwriteBehaviour>
      <ApplicationRelativeFilePath>../../backend/src/Module/ShaCompanyName.ShaProjectName.Application/ShaProjectNameApplicationModule.cs</ApplicationRelativeFilePath>
      <ProjectRelativeFilePath>ShaProjectNameApplicationModule.cs</ProjectRelativeFilePath>
      <IsIgnored>false</IsIgnored>
    </FileLog>
    <FileLog>
      <ProjectId>3acd8e57-c6da-483e-bc14-1fe0934bfc35</ProjectId>
      <CorrelationId>Boxfusion.Modules.Domain.Entity#c3a828f2-afd3-422f-9b05-ff10c441f781</CorrelationId>
      <OverwriteBehaviour>always</OverwriteBehaviour>
      <ApplicationRelativeFilePath>../../backend/src/Module/ShaCompanyName.ShaProjectName.Domain/Domain/NewClass.cs</ApplicationRelativeFilePath>
      <ProjectRelativeFilePath>Domain/NewClass.cs</ProjectRelativeFilePath>
      <IsIgnored>false</IsIgnored>
    </FileLog>
    <FileLog>
      <ProjectId>3acd8e57-c6da-483e-bc14-1fe0934bfc35</ProjectId>
      <CorrelationId>Boxfusion.Modules.FluentMigrator.EnumMigrationMetadata#b2e5535c-846b-4538-b595-ddbe1eed089d</CorrelationId>
      <OverwriteBehaviour>always</OverwriteBehaviour>
      <ApplicationRelativeFilePath>../../backend/src/Module/ShaCompanyName.ShaProjectName.Domain/Migrations/enum-migration-metadata.json</ApplicationRelativeFilePath>
      <ProjectRelativeFilePath>Migrations/enum-migration-metadata.json</ProjectRelativeFilePath>
      <IsIgnored>false</IsIgnored>
    </FileLog>
    <FileLog>
      <ProjectId>3acd8e57-c6da-483e-bc14-1fe0934bfc35</ProjectId>
      <CorrelationId>Boxfusion.Modules.FluentMigrator.MigrationMetadata#b2e5535c-846b-4538-b595-ddbe1eed089d</CorrelationId>
      <OverwriteBehaviour>always</OverwriteBehaviour>
      <ApplicationRelativeFilePath>../../backend/src/Module/ShaCompanyName.ShaProjectName.Domain/Migrations/migration-metadata.json</ApplicationRelativeFilePath>
      <ProjectRelativeFilePath>Migrations/migration-metadata.json</ProjectRelativeFilePath>
      <IsIgnored>false</IsIgnored>
    </FileLog>
    <FileLog>
      <ProjectId>3acd8e57-c6da-483e-bc14-1fe0934bfc35</ProjectId>
      <CorrelationId>Boxfusion.Modules.Domain.Properties#b2e5535c-846b-4538-b595-ddbe1eed089d</CorrelationId>
      <OverwriteBehaviour>always</OverwriteBehaviour>
      <ApplicationRelativeFilePath>../../backend/src/Module/ShaCompanyName.ShaProjectName.Domain/Properties/AssemblyInfo.cs</ApplicationRelativeFilePath>
      <ProjectRelativeFilePath>Properties/AssemblyInfo.cs</ProjectRelativeFilePath>
      <IsIgnored>false</IsIgnored>
    </FileLog>
    <FileLog>
      <ProjectId>3acd8e57-c6da-483e-bc14-1fe0934bfc35</ProjectId>
      <CorrelationId>Intent.VisualStudio.Projects.CoreLibrary.CSProject#3acd8e57-c6da-483e-bc14-1fe0934bfc35</CorrelationId>
      <OverwriteBehaviour>always</OverwriteBehaviour>
      <ApplicationRelativeFilePath>../../backend/src/Module/ShaCompanyName.ShaProjectName.Domain/ShaCompanyName.ShaProjectName.Domain.csproj</ApplicationRelativeFilePath>
      <ProjectRelativeFilePath>ShaCompanyName.ShaProjectName.Domain.csproj</ProjectRelativeFilePath>
      <IsIgnored>false</IsIgnored>
    </FileLog>
    <FileLog>
      <ProjectId>3acd8e57-c6da-483e-bc14-1fe0934bfc35</ProjectId>
      <CorrelationId>Boxfusion.Modules.Domain.Module#b2e5535c-846b-4538-b595-ddbe1eed089d</CorrelationId>
      <OverwriteBehaviour>always</OverwriteBehaviour>
      <ApplicationRelativeFilePath>../../backend/src/Module/ShaCompanyName.ShaProjectName.Domain/ShaProjectNameModule.cs</ApplicationRelativeFilePath>
      <ProjectRelativeFilePath>ShaProjectNameModule.cs</ProjectRelativeFilePath>
      <IsIgnored>false</IsIgnored>
    </FileLog>
    <FileLog>
      <ProjectId>ff5c8fe4-5c69-4a62-af2e-10b6c9688c74</ProjectId>
      <CorrelationId>Intent.VisualStudio.Projects.CoreLibrary.CSProject#ff5c8fe4-5c69-4a62-af2e-10b6c9688c74</CorrelationId>
      <OverwriteBehaviour>always</OverwriteBehaviour>
      <ApplicationRelativeFilePath>../../backend/src/ShaCompanyName.ShaProjectName.Web.Core/ShaCompanyName.ShaProjectName.Web.Core.csproj</ApplicationRelativeFilePath>
      <ProjectRelativeFilePath>ShaCompanyName.ShaProjectName.Web.Core.csproj</ProjectRelativeFilePath>
      <IsIgnored>false</IsIgnored>
    </FileLog>
    <FileLog>
      <ProjectId>a5ba72fa-39a9-421b-94d4-0887e80e975b</ProjectId>
      <CorrelationId>Intent.VisualStudio.Projects.CoreWeb.AppSettings-Default#a5ba72fa-39a9-421b-94d4-0887e80e975b</CorrelationId>
      <OverwriteBehaviour>always</OverwriteBehaviour>
      <ApplicationRelativeFilePath>../../backend/src/ShaCompanyName.ShaProjectName.Web.Host/appsettings.json</ApplicationRelativeFilePath>
      <ProjectRelativeFilePath>appsettings.json</ProjectRelativeFilePath>
      <IsIgnored>false</IsIgnored>
    </FileLog>
    <FileLog>
      <ProjectId>a5ba72fa-39a9-421b-94d4-0887e80e975b</ProjectId>
      <CorrelationId>Intent.VisualStudio.Projects.CoreWeb.LaunchSettings#a5ba72fa-39a9-421b-94d4-0887e80e975b</CorrelationId>
      <OverwriteBehaviour>always</OverwriteBehaviour>
      <ApplicationRelativeFilePath>../../backend/src/ShaCompanyName.ShaProjectName.Web.Host/Properties/launchsettings.json</ApplicationRelativeFilePath>
      <ProjectRelativeFilePath>Properties/launchsettings.json</ProjectRelativeFilePath>
      <IsIgnored>false</IsIgnored>
    </FileLog>
    <FileLog>
      <ProjectId>a5ba72fa-39a9-421b-94d4-0887e80e975b</ProjectId>
      <CorrelationId>Intent.VisualStudio.Projects.CoreWeb.CSProject#a5ba72fa-39a9-421b-94d4-0887e80e975b</CorrelationId>
      <OverwriteBehaviour>always</OverwriteBehaviour>
      <ApplicationRelativeFilePath>../../backend/src/ShaCompanyName.ShaProjectName.Web.Host/ShaCompanyName.ShaProjectName.Web.Host.csproj</ApplicationRelativeFilePath>
      <ProjectRelativeFilePath>ShaCompanyName.ShaProjectName.Web.Host.csproj</ProjectRelativeFilePath>
      <IsIgnored>false</IsIgnored>
    </FileLog>
  </FileLogs>
</outputLog>